{"contracts/interfaces/IBalancerGauge.sol":{"l":{},"path":"/Users/admin/tt/staking_contract_wncg_eth/contracts/interfaces/IBalancerGauge.sol","s":{},"b":{},"f":{},"fnMap":{},"statementMap":{},"branchMap":{}},"contracts/interfaces/IBalancerMinter.sol":{"l":{},"path":"/Users/admin/tt/staking_contract_wncg_eth/contracts/interfaces/IBalancerMinter.sol","s":{},"b":{},"f":{},"fnMap":{},"statementMap":{},"branchMap":{}},"contracts/interfaces/interfaces.sol":{"l":{},"path":"/Users/admin/tt/staking_contract_wncg_eth/contracts/interfaces/interfaces.sol","s":{},"b":{},"f":{},"fnMap":{},"statementMap":{},"branchMap":{}},"contracts/staking/BALRewardPool.sol":{"l":{"58":102,"59":102,"60":102,"64":67,"68":37,"72":4,"76":18,"77":18,"78":18,"79":15,"80":15,"82":18,"86":38,"90":45,"91":26,"93":19,"104":26,"112":7,"113":6,"115":6,"116":6,"118":6,"128":6,"130":6,"131":6,"135":5,"136":4,"138":3,"139":3,"141":3,"142":3,"144":3,"152":4,"153":4,"154":0,"155":0,"156":0,"159":4,"167":2,"168":0,"169":0,"180":5,"182":4,"184":4,"185":2,"186":2,"187":2,"191":2,"192":2,"193":2,"195":2,"196":1,"197":1,"199":1,"201":2,"208":3,"209":3,"210":2,"212":1,"213":1,"214":1,"215":1,"217":3,"218":3,"219":3,"220":3},"path":"/Users/admin/tt/staking_contract_wncg_eth/contracts/staking/BALRewardPool.sol","s":{"1":67,"2":37,"3":4,"4":18,"5":38,"6":45,"7":26,"8":19,"9":26,"10":7,"11":6,"12":6,"13":6,"14":6,"15":6,"16":5,"17":4,"18":3,"19":3,"20":3,"21":4,"22":4,"23":0,"24":0,"25":4,"26":2,"27":0,"28":5,"29":4,"30":2,"31":2,"32":2,"33":2,"34":2,"35":2,"36":1,"37":2,"38":3,"39":1,"40":1,"41":3},"b":{"1":[15,3],"2":[3,35],"3":[26,19],"4":[6,1],"5":[6,0],"6":[6,0],"7":[6,0],"8":[5,0],"9":[5,0],"10":[4,1],"11":[3,1],"12":[4,0],"13":[0,4],"14":[0,2],"15":[4,1],"16":[2,2],"17":[1,1],"18":[3,0],"19":[2,1]},"f":{"1":102,"2":67,"3":37,"4":4,"5":18,"6":38,"7":45,"8":26,"9":7,"10":6,"11":5,"12":4,"13":2,"14":5,"15":3},"fnMap":{"1":{"name":"constructor","line":53,"loc":{"start":{"line":53,"column":4},"end":{"line":61,"column":4}}},"2":{"name":"totalSupply","line":63,"loc":{"start":{"line":63,"column":4},"end":{"line":65,"column":4}}},"3":{"name":"balanceOf","line":67,"loc":{"start":{"line":67,"column":4},"end":{"line":69,"column":4}}},"4":{"name":"getRewardRate","line":71,"loc":{"start":{"line":71,"column":4},"end":{"line":73,"column":4}}},"5":{"name":"updateReward","line":75,"loc":{"start":{"line":75,"column":4},"end":{"line":83,"column":4}}},"6":{"name":"lastTimeRewardApplicable","line":85,"loc":{"start":{"line":85,"column":4},"end":{"line":87,"column":4}}},"7":{"name":"rewardPerToken","line":89,"loc":{"start":{"line":89,"column":4},"end":{"line":101,"column":4}}},"8":{"name":"earned","line":103,"loc":{"start":{"line":103,"column":4},"end":{"line":109,"column":4}}},"9":{"name":"stakeFor","line":111,"loc":{"start":{"line":111,"column":4},"end":{"line":119,"column":4}}},"10":{"name":"_processStake","line":127,"loc":{"start":{"line":127,"column":4},"end":{"line":132,"column":4}}},"11":{"name":"withdrawFor","line":134,"loc":{"start":{"line":134,"column":4},"end":{"line":145,"column":4}}},"12":{"name":"getReward","line":151,"loc":{"start":{"line":151,"column":4},"end":{"line":160,"column":4}}},"13":{"name":"processIdleRewards","line":166,"loc":{"start":{"line":166,"column":4},"end":{"line":171,"column":4}}},"14":{"name":"queueNewRewards","line":179,"loc":{"start":{"line":179,"column":4},"end":{"line":202,"column":4}}},"15":{"name":"notifyRewardAmount","line":206,"loc":{"start":{"line":204,"column":4},"end":{"line":221,"column":4}}}},"statementMap":{"1":{"start":{"line":64,"column":8},"end":{"line":64,"column":27}},"2":{"start":{"line":68,"column":8},"end":{"line":68,"column":34}},"3":{"start":{"line":72,"column":8},"end":{"line":72,"column":25}},"4":{"start":{"line":78,"column":8},"end":{"line":78,"column":2734}},"5":{"start":{"line":86,"column":8},"end":{"line":86,"column":78}},"6":{"start":{"line":90,"column":8},"end":{"line":90,"column":3148}},"7":{"start":{"line":91,"column":12},"end":{"line":91,"column":39}},"8":{"start":{"line":93,"column":8},"end":{"line":93,"column":3238}},"9":{"start":{"line":104,"column":8},"end":{"line":104,"column":3601}},"10":{"start":{"line":112,"column":8},"end":{"line":112,"column":53}},"11":{"start":{"line":113,"column":8},"end":{"line":113,"column":35}},"12":{"start":{"line":115,"column":8},"end":{"line":115,"column":72}},"13":{"start":{"line":116,"column":8},"end":{"line":116,"column":37}},"14":{"start":{"line":118,"column":8},"end":{"line":118,"column":19}},"15":{"start":{"line":128,"column":8},"end":{"line":128,"column":58}},"16":{"start":{"line":135,"column":8},"end":{"line":135,"column":53}},"17":{"start":{"line":136,"column":8},"end":{"line":136,"column":61}},"18":{"start":{"line":141,"column":8},"end":{"line":141,"column":53}},"19":{"start":{"line":142,"column":8},"end":{"line":142,"column":37}},"20":{"start":{"line":144,"column":8},"end":{"line":144,"column":19}},"21":{"start":{"line":152,"column":8},"end":{"line":152,"column":41}},"22":{"start":{"line":153,"column":8},"end":{"line":153,"column":5445}},"23":{"start":{"line":155,"column":12},"end":{"line":155,"column":53}},"24":{"start":{"line":156,"column":12},"end":{"line":156,"column":45}},"25":{"start":{"line":159,"column":8},"end":{"line":159,"column":19}},"26":{"start":{"line":167,"column":8},"end":{"line":167,"column":5884}},"27":{"start":{"line":168,"column":12},"end":{"line":168,"column":44}},"28":{"start":{"line":180,"column":8},"end":{"line":180,"column":53}},"29":{"start":{"line":184,"column":8},"end":{"line":184,"column":6525}},"30":{"start":{"line":185,"column":12},"end":{"line":185,"column":39}},"31":{"start":{"line":187,"column":12},"end":{"line":187,"column":23}},"32":{"start":{"line":191,"column":8},"end":{"line":191,"column":77}},"33":{"start":{"line":192,"column":8},"end":{"line":192,"column":55}},"34":{"start":{"line":193,"column":8},"end":{"line":193,"column":66}},"35":{"start":{"line":195,"column":8},"end":{"line":195,"column":6928}},"36":{"start":{"line":196,"column":12},"end":{"line":196,"column":39}},"37":{"start":{"line":201,"column":8},"end":{"line":201,"column":19}},"38":{"start":{"line":209,"column":8},"end":{"line":209,"column":7299}},"39":{"start":{"line":212,"column":12},"end":{"line":212,"column":65}},"40":{"start":{"line":213,"column":12},"end":{"line":213,"column":56}},"41":{"start":{"line":220,"column":8},"end":{"line":220,"column":33}}},"branchMap":{"1":{"line":78,"type":"if","locations":[{"start":{"line":78,"column":8},"end":{"line":78,"column":8}},{"start":{"line":78,"column":8},"end":{"line":78,"column":8}}]},"2":{"line":86,"type":"if","locations":[{"start":{"line":86,"column":48},"end":{"line":86,"column":62}},{"start":{"line":86,"column":66},"end":{"line":86,"column":77}}]},"3":{"line":90,"type":"if","locations":[{"start":{"line":90,"column":8},"end":{"line":90,"column":8}},{"start":{"line":90,"column":8},"end":{"line":90,"column":8}}]},"4":{"line":112,"type":"if","locations":[{"start":{"line":112,"column":8},"end":{"line":112,"column":8}},{"start":{"line":112,"column":8},"end":{"line":112,"column":8}}]},"5":{"line":127,"type":"if","locations":[{"start":{"line":127,"column":72},"end":{"line":127,"column":72}},{"start":{"line":127,"column":72},"end":{"line":127,"column":72}}]},"6":{"line":127,"type":"if","locations":[{"start":{"line":127,"column":85},"end":{"line":127,"column":85}},{"start":{"line":127,"column":85},"end":{"line":127,"column":85}}]},"7":{"line":128,"type":"if","locations":[{"start":{"line":128,"column":8},"end":{"line":128,"column":8}},{"start":{"line":128,"column":8},"end":{"line":128,"column":8}}]},"8":{"line":134,"type":"if","locations":[{"start":{"line":134,"column":63},"end":{"line":134,"column":63}},{"start":{"line":134,"column":63},"end":{"line":134,"column":63}}]},"9":{"line":134,"type":"if","locations":[{"start":{"line":134,"column":76},"end":{"line":134,"column":76}},{"start":{"line":134,"column":76},"end":{"line":134,"column":76}}]},"10":{"line":135,"type":"if","locations":[{"start":{"line":135,"column":8},"end":{"line":135,"column":8}},{"start":{"line":135,"column":8},"end":{"line":135,"column":8}}]},"11":{"line":136,"type":"if","locations":[{"start":{"line":136,"column":8},"end":{"line":136,"column":8}},{"start":{"line":136,"column":8},"end":{"line":136,"column":8}}]},"12":{"line":151,"type":"if","locations":[{"start":{"line":151,"column":48},"end":{"line":151,"column":48}},{"start":{"line":151,"column":48},"end":{"line":151,"column":48}}]},"13":{"line":153,"type":"if","locations":[{"start":{"line":153,"column":8},"end":{"line":153,"column":8}},{"start":{"line":153,"column":8},"end":{"line":153,"column":8}}]},"14":{"line":167,"type":"if","locations":[{"start":{"line":167,"column":8},"end":{"line":167,"column":8}},{"start":{"line":167,"column":8},"end":{"line":167,"column":8}}]},"15":{"line":180,"type":"if","locations":[{"start":{"line":180,"column":8},"end":{"line":180,"column":8}},{"start":{"line":180,"column":8},"end":{"line":180,"column":8}}]},"16":{"line":184,"type":"if","locations":[{"start":{"line":184,"column":8},"end":{"line":184,"column":8}},{"start":{"line":184,"column":8},"end":{"line":184,"column":8}}]},"17":{"line":195,"type":"if","locations":[{"start":{"line":195,"column":8},"end":{"line":195,"column":8}},{"start":{"line":195,"column":8},"end":{"line":195,"column":8}}]},"18":{"line":206,"type":"if","locations":[{"start":{"line":206,"column":8},"end":{"line":206,"column":8}},{"start":{"line":206,"column":8},"end":{"line":206,"column":8}}]},"19":{"line":209,"type":"if","locations":[{"start":{"line":209,"column":8},"end":{"line":209,"column":8}},{"start":{"line":209,"column":8},"end":{"line":209,"column":8}}]}}},"contracts/staking/DepositToken.sol":{"l":{"13":147,"17":8,"18":7,"22":4,"23":3},"path":"/Users/admin/tt/staking_contract_wncg_eth/contracts/staking/DepositToken.sol","s":{"1":8,"2":7,"3":4,"4":3},"b":{"1":[7,1],"2":[3,1]},"f":{"1":147,"2":8,"3":4},"fnMap":{"1":{"name":"constructor","line":12,"loc":{"start":{"line":12,"column":4},"end":{"line":14,"column":4}}},"2":{"name":"mint","line":16,"loc":{"start":{"line":16,"column":4},"end":{"line":19,"column":4}}},"3":{"name":"burn","line":21,"loc":{"start":{"line":21,"column":4},"end":{"line":24,"column":4}}}},"statementMap":{"1":{"start":{"line":17,"column":8},"end":{"line":17,"column":53}},"2":{"start":{"line":18,"column":8},"end":{"line":18,"column":26}},"3":{"start":{"line":22,"column":8},"end":{"line":22,"column":53}},"4":{"start":{"line":23,"column":8},"end":{"line":23,"column":28}}},"branchMap":{"1":{"line":17,"type":"if","locations":[{"start":{"line":17,"column":8},"end":{"line":17,"column":8}},{"start":{"line":17,"column":8},"end":{"line":17,"column":8}}]},"2":{"line":22,"type":"if","locations":[{"start":{"line":22,"column":8},"end":{"line":22,"column":8}},{"start":{"line":22,"column":8},"end":{"line":22,"column":8}}]}}},"contracts/staking/StakingRewards.sol":{"l":{"142":21,"143":21,"144":21,"145":21,"146":21,"147":21,"148":21,"150":21,"151":21,"152":21,"153":21,"155":21,"156":21,"157":21,"162":61,"163":47,"177":21,"178":21,"179":21,"181":21,"182":14,"185":21,"187":10,"190":21,"204":5,"206":5,"208":5,"220":6,"221":5,"223":4,"224":4,"226":4,"238":3,"239":2,"241":1,"242":1,"244":1,"254":2,"255":2,"265":1,"266":1,"276":1,"277":1,"287":2,"288":2,"298":6,"299":6,"307":9,"308":8,"310":7,"311":6,"312":5,"313":4,"316":4,"317":4,"318":1,"319":1,"322":4,"323":4,"324":4,"327":4,"328":4,"330":4,"332":3,"333":3,"336":3,"337":3,"345":6,"346":5,"347":4,"348":3,"349":2,"351":1,"352":1,"355":1,"358":1,"360":1,"369":13,"370":12,"372":10,"373":10,"374":9,"375":8,"377":5,"378":0,"382":5,"383":5,"385":5,"386":4,"388":2,"390":2,"392":2,"393":2,"395":2,"396":1,"399":2,"401":2,"402":2,"405":2,"406":2,"410":2,"411":2,"414":2,"415":1,"418":1,"441":5,"442":5,"443":5,"446":0,"448":0,"449":0,"451":0,"456":0,"457":0,"459":0,"464":0,"472":3,"474":2,"476":2,"484":5,"485":5,"487":5,"488":4,"490":2,"497":4,"499":3,"500":3,"501":3,"508":3,"509":2,"510":1,"512":2,"520":4,"521":4,"524":4,"525":4,"526":4,"534":2,"535":2,"538":2,"539":2,"554":7,"555":7,"557":7,"558":3,"559":2,"561":3,"564":7,"577":11,"578":11,"580":11,"582":11,"583":4,"584":4,"587":4,"588":4,"591":11,"599":11,"600":11,"602":11,"603":1,"606":10,"608":10,"609":4,"610":4,"613":10,"615":10,"630":11,"631":11,"636":7,"639":4,"640":4,"655":5,"666":1,"667":1,"668":1,"669":1,"676":4,"677":3,"678":2,"686":3,"688":2,"690":2,"692":2,"694":0,"697":0,"698":0,"701":0,"704":0,"707":0,"710":0,"713":0,"716":2,"723":3,"724":2,"726":1,"735":1,"742":1,"744":1,"751":3,"758":4,"765":2,"772":2,"774":1,"781":1,"788":1,"795":1,"802":38,"809":6},"path":"/Users/admin/tt/staking_contract_wncg_eth/contracts/staking/StakingRewards.sol","s":{"1":61,"2":21,"3":21,"4":10,"5":21,"6":5,"7":5,"8":6,"9":5,"10":4,"11":3,"12":2,"13":1,"14":2,"15":1,"16":1,"17":2,"18":6,"19":9,"20":8,"21":7,"22":6,"23":5,"24":4,"25":4,"26":4,"27":1,"28":4,"29":4,"30":4,"31":3,"32":3,"33":3,"34":3,"35":6,"36":5,"37":4,"38":3,"39":2,"40":1,"41":1,"42":1,"43":1,"44":1,"45":13,"46":12,"47":10,"48":10,"49":9,"50":8,"51":5,"52":0,"53":5,"54":5,"55":5,"56":4,"57":2,"58":2,"59":2,"60":2,"61":2,"62":2,"63":2,"64":2,"65":2,"66":2,"67":2,"68":1,"69":1,"70":5,"71":5,"72":5,"73":0,"74":0,"75":0,"76":0,"77":0,"78":0,"79":3,"80":2,"81":5,"82":5,"83":4,"84":2,"85":4,"86":3,"87":3,"88":3,"89":3,"90":2,"91":1,"92":2,"93":4,"94":4,"95":4,"96":4,"97":4,"98":2,"99":2,"100":2,"101":2,"102":7,"103":7,"104":7,"105":3,"106":3,"107":7,"108":11,"109":11,"110":11,"111":11,"112":4,"113":4,"114":11,"115":11,"116":11,"117":11,"118":1,"119":10,"120":10,"121":4,"122":10,"123":11,"124":11,"125":7,"126":4,"127":4,"128":5,"129":1,"130":1,"131":1,"132":4,"133":3,"134":2,"135":3,"136":2,"137":2,"138":2,"139":0,"140":0,"141":0,"142":0,"143":0,"144":0,"145":2,"146":3,"147":2,"148":1,"149":1,"150":1,"151":1,"152":3,"153":4,"154":2,"155":2,"156":1,"157":1,"158":1,"159":1,"160":38,"161":6},"b":{"1":[21,0],"2":[47,14],"3":[21,1],"4":[14,7],"5":[10,11],"6":[5,2],"7":[5,0],"8":[6,1],"9":[5,1],"10":[4,1],"11":[3,1],"12":[2,1],"13":[1,1],"14":[2,3],"15":[1,2],"16":[1,2],"17":[2,1],"18":[6,1],"19":[8,1],"20":[7,1],"21":[6,1],"22":[5,1],"23":[4,1],"24":[3,1],"25":[1,3],"26":[3,1],"27":[5,1],"28":[4,1],"29":[3,1],"30":[2,1],"31":[1,1],"32":[1,0],"33":[12,1],"34":[10,2],"35":[10,0],"36":[9,1],"37":[8,1],"38":[5,3],"39":[0,5],"40":[4,1],"41":[2,2],"42":[0,2],"43":[1,1],"44":[2,0],"45":[1,1],"46":[5,0],"47":[0,0],"48":[0,0],"49":[0,0],"50":[2,1],"51":[3,2],"52":[3,1],"53":[1,1],"54":[4,0],"55":[4,0],"56":[2,0],"57":[2,0],"58":[3,4],"59":[2,1],"60":[4,7],"61":[4,0],"62":[1,10],"63":[4,6],"64":[7,4],"65":[3,4],"66":[4,0],"67":[3,1],"68":[2,1],"69":[0,2],"70":[2,1],"71":[1,1],"72":[1,0],"73":[1,1]},"f":{"1":21,"2":61,"3":21,"4":5,"5":6,"6":3,"7":2,"8":1,"9":1,"10":2,"11":6,"12":9,"13":6,"14":13,"15":5,"16":3,"17":5,"18":4,"19":3,"20":4,"21":2,"22":7,"23":11,"24":11,"25":11,"26":5,"27":1,"28":4,"29":3,"30":3,"31":1,"32":1,"33":3,"34":4,"35":2,"36":2,"37":1,"38":1,"39":1,"40":38,"41":6},"fnMap":{"1":{"name":"initialize","line":141,"loc":{"start":{"line":133,"column":2},"end":{"line":159,"column":2}}},"2":{"name":"onlyOperator","line":161,"loc":{"start":{"line":161,"column":2},"end":{"line":164,"column":2}}},"3":{"name":"configBalRewardPool","line":176,"loc":{"start":{"line":172,"column":2},"end":{"line":195,"column":2}}},"4":{"name":"configEmissionPerSecond","line":203,"loc":{"start":{"line":201,"column":2},"end":{"line":209,"column":2}}},"5":{"name":"configCooldownSecondAndUnstakeWindow","line":219,"loc":{"start":{"line":216,"column":2},"end":{"line":227,"column":2}}},"6":{"name":"configFees","line":237,"loc":{"start":{"line":234,"column":2},"end":{"line":245,"column":2}}},"7":{"name":"changeOperator","line":253,"loc":{"start":{"line":251,"column":2},"end":{"line":256,"column":2}}},"8":{"name":"changeRewardsVault","line":264,"loc":{"start":{"line":262,"column":2},"end":{"line":267,"column":2}}},"9":{"name":"changeBalOperationVault","line":275,"loc":{"start":{"line":273,"column":2},"end":{"line":278,"column":2}}},"10":{"name":"changePauseStaking","line":286,"loc":{"start":{"line":284,"column":2},"end":{"line":289,"column":2}}},"11":{"name":"changeUseBalRewardPool","line":297,"loc":{"start":{"line":295,"column":2},"end":{"line":300,"column":2}}},"12":{"name":"stake","line":306,"loc":{"start":{"line":306,"column":2},"end":{"line":339,"column":2}}},"13":{"name":"transferStakedBalanceToBalRewardPool","line":344,"loc":{"start":{"line":344,"column":2},"end":{"line":361,"column":2}}},"14":{"name":"withdraw","line":368,"loc":{"start":{"line":368,"column":2},"end":{"line":419,"column":2}}},"15":{"name":"getNextCooldownTimestamp","line":435,"loc":{"start":{"line":435,"column":2},"end":{"line":465,"column":2}}},"16":{"name":"cooldown","line":471,"loc":{"start":{"line":471,"column":2},"end":{"line":477,"column":2}}},"17":{"name":"claimTokenRewards","line":483,"loc":{"start":{"line":483,"column":2},"end":{"line":491,"column":2}}},"18":{"name":"claimBALRewards","line":496,"loc":{"start":{"line":496,"column":2},"end":{"line":502,"column":2}}},"19":{"name":"claimAllRewards","line":507,"loc":{"start":{"line":507,"column":2},"end":{"line":513,"column":2}}},"20":{"name":"stakeToBalRewardPool","line":519,"loc":{"start":{"line":519,"column":2},"end":{"line":527,"column":2}}},"21":{"name":"withdrawFromBalRewardPool","line":533,"loc":{"start":{"line":533,"column":2},"end":{"line":540,"column":2}}},"22":{"name":"updateCurrentUnclaimedRewards","line":549,"loc":{"start":{"line":549,"column":2},"end":{"line":565,"column":2}}},"23":{"name":"updateUserAssetInternal","line":573,"loc":{"start":{"line":573,"column":2},"end":{"line":592,"column":2}}},"24":{"name":"updateAssetStateInternal","line":598,"loc":{"start":{"line":598,"column":2},"end":{"line":616,"column":2}}},"25":{"name":"getAssetIndex","line":625,"loc":{"start":{"line":625,"column":2},"end":{"line":641,"column":2}}},"26":{"name":"getRewards","line":650,"loc":{"start":{"line":650,"column":2},"end":{"line":656,"column":2}}},"27":{"name":"getUnclaimedRewards","line":663,"loc":{"start":{"line":663,"column":2},"end":{"line":670,"column":2}}},"28":{"name":"earmarkRewards","line":675,"loc":{"start":{"line":675,"column":2},"end":{"line":679,"column":2}}},"29":{"name":"_earmarkRewards","line":685,"loc":{"start":{"line":685,"column":2},"end":{"line":717,"column":2}}},"30":{"name":"processIdleRewards","line":722,"loc":{"start":{"line":722,"column":2},"end":{"line":727,"column":2}}},"31":{"name":"earnedTokenRewards","line":734,"loc":{"start":{"line":734,"column":2},"end":{"line":736,"column":2}}},"32":{"name":"earnedBALRewards","line":741,"loc":{"start":{"line":741,"column":2},"end":{"line":745,"column":2}}},"33":{"name":"totalStaked","line":750,"loc":{"start":{"line":750,"column":2},"end":{"line":752,"column":2}}},"34":{"name":"stakedTokenBalance","line":757,"loc":{"start":{"line":757,"column":2},"end":{"line":759,"column":2}}},"35":{"name":"getEmissionPerSec","line":764,"loc":{"start":{"line":764,"column":2},"end":{"line":766,"column":2}}},"36":{"name":"getBALRewardRate","line":771,"loc":{"start":{"line":771,"column":2},"end":{"line":775,"column":2}}},"37":{"name":"getCurrentBlockTimestamp","line":780,"loc":{"start":{"line":780,"column":2},"end":{"line":782,"column":2}}},"38":{"name":"getCooldownEndTimestamp","line":787,"loc":{"start":{"line":787,"column":2},"end":{"line":789,"column":2}}},"39":{"name":"getWithdrawEndTimestamp","line":794,"loc":{"start":{"line":794,"column":2},"end":{"line":796,"column":2}}},"40":{"name":"useBalRewardPool","line":801,"loc":{"start":{"line":801,"column":2},"end":{"line":803,"column":2}}},"41":{"name":"transferableBalanceToBalRewardPool","line":808,"loc":{"start":{"line":808,"column":2},"end":{"line":810,"column":2}}}},"statementMap":{"1":{"start":{"line":162,"column":4},"end":{"line":162,"column":51}},"2":{"start":{"line":181,"column":4},"end":{"line":181,"column":6339}},"3":{"start":{"line":185,"column":4},"end":{"line":185,"column":6420}},"4":{"start":{"line":187,"column":6},"end":{"line":187,"column":59}},"5":{"start":{"line":190,"column":4},"end":{"line":190,"column":6625}},"6":{"start":{"line":204,"column":4},"end":{"line":204,"column":57}},"7":{"start":{"line":208,"column":4},"end":{"line":208,"column":53}},"8":{"start":{"line":220,"column":4},"end":{"line":220,"column":52}},"9":{"start":{"line":221,"column":4},"end":{"line":221,"column":48}},"10":{"start":{"line":226,"column":4},"end":{"line":226,"column":80}},"11":{"start":{"line":238,"column":4},"end":{"line":238,"column":99}},"12":{"start":{"line":239,"column":4},"end":{"line":239,"column":83}},"13":{"start":{"line":244,"column":4},"end":{"line":244,"column":54}},"14":{"start":{"line":255,"column":4},"end":{"line":255,"column":41}},"15":{"start":{"line":266,"column":4},"end":{"line":266,"column":43}},"16":{"start":{"line":277,"column":4},"end":{"line":277,"column":53}},"17":{"start":{"line":288,"column":4},"end":{"line":288,"column":43}},"18":{"start":{"line":299,"column":4},"end":{"line":299,"column":51}},"19":{"start":{"line":307,"column":4},"end":{"line":307,"column":44}},"20":{"start":{"line":308,"column":4},"end":{"line":308,"column":47}},"21":{"start":{"line":310,"column":4},"end":{"line":310,"column":9914}},"22":{"start":{"line":311,"column":6},"end":{"line":311,"column":76}},"23":{"start":{"line":312,"column":6},"end":{"line":312,"column":70}},"24":{"start":{"line":313,"column":6},"end":{"line":313,"column":76}},"25":{"start":{"line":316,"column":4},"end":{"line":316,"column":86}},"26":{"start":{"line":317,"column":4},"end":{"line":317,"column":10270}},"27":{"start":{"line":319,"column":6},"end":{"line":319,"column":53}},"28":{"start":{"line":327,"column":4},"end":{"line":327,"column":87}},"29":{"start":{"line":328,"column":4},"end":{"line":328,"column":36}},"30":{"start":{"line":330,"column":4},"end":{"line":330,"column":10832}},"31":{"start":{"line":332,"column":6},"end":{"line":332,"column":35}},"32":{"start":{"line":333,"column":6},"end":{"line":333,"column":53}},"33":{"start":{"line":336,"column":6},"end":{"line":336,"column":34}},"34":{"start":{"line":337,"column":6},"end":{"line":337,"column":52}},"35":{"start":{"line":345,"column":4},"end":{"line":345,"column":50}},"36":{"start":{"line":346,"column":4},"end":{"line":346,"column":74}},"37":{"start":{"line":347,"column":4},"end":{"line":347,"column":68}},"38":{"start":{"line":348,"column":4},"end":{"line":348,"column":74}},"39":{"start":{"line":349,"column":4},"end":{"line":349,"column":58}},"40":{"start":{"line":351,"column":4},"end":{"line":351,"column":67}},"41":{"start":{"line":352,"column":4},"end":{"line":352,"column":53}},"42":{"start":{"line":355,"column":4},"end":{"line":355,"column":32}},"43":{"start":{"line":358,"column":4},"end":{"line":358,"column":31}},"44":{"start":{"line":360,"column":4},"end":{"line":360,"column":68}},"45":{"start":{"line":369,"column":4},"end":{"line":369,"column":47}},"46":{"start":{"line":370,"column":4},"end":{"line":370,"column":58}},"47":{"start":{"line":372,"column":4},"end":{"line":372,"column":12376}},"48":{"start":{"line":373,"column":6},"end":{"line":373,"column":76}},"49":{"start":{"line":374,"column":6},"end":{"line":374,"column":70}},"50":{"start":{"line":375,"column":6},"end":{"line":375,"column":76}},"51":{"start":{"line":377,"column":6},"end":{"line":377,"column":12642}},"52":{"start":{"line":378,"column":8},"end":{"line":378,"column":45}},"53":{"start":{"line":382,"column":4},"end":{"line":382,"column":58}},"54":{"start":{"line":383,"column":4},"end":{"line":383,"column":79}},"55":{"start":{"line":385,"column":4},"end":{"line":385,"column":75}},"56":{"start":{"line":386,"column":4},"end":{"line":386,"column":98}},"57":{"start":{"line":388,"column":4},"end":{"line":388,"column":96}},"58":{"start":{"line":390,"column":4},"end":{"line":390,"column":72}},"59":{"start":{"line":395,"column":4},"end":{"line":395,"column":13408}},"60":{"start":{"line":399,"column":4},"end":{"line":399,"column":13485}},"61":{"start":{"line":401,"column":6},"end":{"line":401,"column":48}},"62":{"start":{"line":402,"column":6},"end":{"line":402,"column":63}},"63":{"start":{"line":405,"column":6},"end":{"line":405,"column":45}},"64":{"start":{"line":406,"column":6},"end":{"line":406,"column":67}},"65":{"start":{"line":410,"column":4},"end":{"line":410,"column":77}},"66":{"start":{"line":411,"column":4},"end":{"line":411,"column":48}},"67":{"start":{"line":414,"column":4},"end":{"line":414,"column":14055}},"68":{"start":{"line":415,"column":6},"end":{"line":415,"column":22}},"69":{"start":{"line":418,"column":4},"end":{"line":418,"column":15}},"70":{"start":{"line":441,"column":4},"end":{"line":441,"column":55}},"71":{"start":{"line":442,"column":4},"end":{"line":442,"column":15152}},"72":{"start":{"line":443,"column":6},"end":{"line":443,"column":14}},"73":{"start":{"line":446,"column":4},"end":{"line":446,"column":101}},"74":{"start":{"line":448,"column":4},"end":{"line":448,"column":15315}},"75":{"start":{"line":451,"column":6},"end":{"line":451,"column":15454}},"76":{"start":{"line":456,"column":6},"end":{"line":456,"column":15583}},"77":{"start":{"line":457,"column":8},"end":{"line":457,"column":34}},"78":{"start":{"line":464,"column":4},"end":{"line":464,"column":30}},"79":{"start":{"line":472,"column":4},"end":{"line":472,"column":68}},"80":{"start":{"line":476,"column":4},"end":{"line":476,"column":29}},"81":{"start":{"line":484,"column":4},"end":{"line":484,"column":100}},"82":{"start":{"line":485,"column":4},"end":{"line":485,"column":86}},"83":{"start":{"line":488,"column":4},"end":{"line":488,"column":74}},"84":{"start":{"line":490,"column":4},"end":{"line":490,"column":56}},"85":{"start":{"line":497,"column":4},"end":{"line":497,"column":68}},"86":{"start":{"line":499,"column":4},"end":{"line":499,"column":78}},"87":{"start":{"line":500,"column":4},"end":{"line":500,"column":56}},"88":{"start":{"line":501,"column":4},"end":{"line":501,"column":54}},"89":{"start":{"line":508,"column":4},"end":{"line":508,"column":39}},"90":{"start":{"line":509,"column":4},"end":{"line":509,"column":17363}},"91":{"start":{"line":510,"column":6},"end":{"line":510,"column":22}},"92":{"start":{"line":512,"column":4},"end":{"line":512,"column":38}},"93":{"start":{"line":520,"column":4},"end":{"line":520,"column":74}},"94":{"start":{"line":521,"column":4},"end":{"line":521,"column":68}},"95":{"start":{"line":524,"column":4},"end":{"line":524,"column":65}},"96":{"start":{"line":525,"column":4},"end":{"line":525,"column":78}},"97":{"start":{"line":526,"column":4},"end":{"line":526,"column":64}},"98":{"start":{"line":534,"column":4},"end":{"line":534,"column":68}},"99":{"start":{"line":535,"column":4},"end":{"line":535,"column":74}},"100":{"start":{"line":538,"column":4},"end":{"line":538,"column":67}},"101":{"start":{"line":539,"column":4},"end":{"line":539,"column":65}},"102":{"start":{"line":554,"column":4},"end":{"line":554,"column":73}},"103":{"start":{"line":555,"column":4},"end":{"line":555,"column":72}},"104":{"start":{"line":557,"column":4},"end":{"line":557,"column":19202}},"105":{"start":{"line":558,"column":6},"end":{"line":558,"column":19237}},"106":{"start":{"line":561,"column":6},"end":{"line":561,"column":48}},"107":{"start":{"line":564,"column":4},"end":{"line":564,"column":27}},"108":{"start":{"line":577,"column":4},"end":{"line":577,"column":46}},"109":{"start":{"line":578,"column":4},"end":{"line":578,"column":30}},"110":{"start":{"line":580,"column":4},"end":{"line":580,"column":49}},"111":{"start":{"line":582,"column":4},"end":{"line":582,"column":19934}},"112":{"start":{"line":583,"column":6},"end":{"line":583,"column":19971}},"113":{"start":{"line":588,"column":6},"end":{"line":588,"column":44}},"114":{"start":{"line":591,"column":4},"end":{"line":591,"column":25}},"115":{"start":{"line":599,"column":4},"end":{"line":599,"column":38}},"116":{"start":{"line":600,"column":4},"end":{"line":600,"column":63}},"117":{"start":{"line":602,"column":4},"end":{"line":602,"column":20528}},"118":{"start":{"line":603,"column":6},"end":{"line":603,"column":21}},"119":{"start":{"line":606,"column":4},"end":{"line":606,"column":96}},"120":{"start":{"line":608,"column":4},"end":{"line":608,"column":20707}},"121":{"start":{"line":610,"column":6},"end":{"line":610,"column":38}},"122":{"start":{"line":615,"column":4},"end":{"line":615,"column":19}},"123":{"start":{"line":630,"column":4},"end":{"line":630,"column":46}},"124":{"start":{"line":631,"column":4},"end":{"line":631,"column":21508}},"125":{"start":{"line":636,"column":6},"end":{"line":636,"column":26}},"126":{"start":{"line":639,"column":4},"end":{"line":639,"column":66}},"127":{"start":{"line":640,"column":4},"end":{"line":640,"column":108}},"128":{"start":{"line":655,"column":4},"end":{"line":655,"column":95}},"129":{"start":{"line":666,"column":4},"end":{"line":666,"column":30}},"130":{"start":{"line":667,"column":4},"end":{"line":667,"column":115}},"131":{"start":{"line":669,"column":4},"end":{"line":669,"column":25}},"132":{"start":{"line":676,"column":4},"end":{"line":676,"column":50}},"133":{"start":{"line":677,"column":4},"end":{"line":677,"column":20}},"134":{"start":{"line":678,"column":4},"end":{"line":678,"column":15}},"135":{"start":{"line":686,"column":4},"end":{"line":686,"column":68}},"136":{"start":{"line":688,"column":4},"end":{"line":688,"column":63}},"137":{"start":{"line":690,"column":4},"end":{"line":690,"column":71}},"138":{"start":{"line":692,"column":4},"end":{"line":692,"column":23684}},"139":{"start":{"line":694,"column":6},"end":{"line":694,"column":83}},"140":{"start":{"line":697,"column":6},"end":{"line":697,"column":68}},"141":{"start":{"line":701,"column":6},"end":{"line":701,"column":66}},"142":{"start":{"line":707,"column":6},"end":{"line":707,"column":68}},"143":{"start":{"line":710,"column":6},"end":{"line":710,"column":68}},"144":{"start":{"line":713,"column":6},"end":{"line":713,"column":63}},"145":{"start":{"line":716,"column":4},"end":{"line":716,"column":46}},"146":{"start":{"line":723,"column":4},"end":{"line":723,"column":50}},"147":{"start":{"line":724,"column":4},"end":{"line":724,"column":68}},"148":{"start":{"line":726,"column":4},"end":{"line":726,"column":55}},"149":{"start":{"line":735,"column":4},"end":{"line":735,"column":64}},"150":{"start":{"line":742,"column":4},"end":{"line":742,"column":68}},"151":{"start":{"line":744,"column":4},"end":{"line":744,"column":56}},"152":{"start":{"line":751,"column":4},"end":{"line":751,"column":22}},"153":{"start":{"line":758,"column":4},"end":{"line":758,"column":26}},"154":{"start":{"line":765,"column":4},"end":{"line":765,"column":38}},"155":{"start":{"line":772,"column":4},"end":{"line":772,"column":68}},"156":{"start":{"line":774,"column":4},"end":{"line":774,"column":58}},"157":{"start":{"line":781,"column":4},"end":{"line":781,"column":26}},"158":{"start":{"line":788,"column":4},"end":{"line":788,"column":49}},"159":{"start":{"line":795,"column":4},"end":{"line":795,"column":69}},"160":{"start":{"line":802,"column":4},"end":{"line":802,"column":30}},"161":{"start":{"line":809,"column":4},"end":{"line":809,"column":80}}},"branchMap":{"1":{"line":141,"type":"if","locations":[{"start":{"line":141,"column":13},"end":{"line":141,"column":13}},{"start":{"line":141,"column":13},"end":{"line":141,"column":13}}]},"2":{"line":162,"type":"if","locations":[{"start":{"line":162,"column":4},"end":{"line":162,"column":4}},{"start":{"line":162,"column":4},"end":{"line":162,"column":4}}]},"3":{"line":176,"type":"if","locations":[{"start":{"line":176,"column":13},"end":{"line":176,"column":13}},{"start":{"line":176,"column":13},"end":{"line":176,"column":13}}]},"4":{"line":181,"type":"if","locations":[{"start":{"line":181,"column":4},"end":{"line":181,"column":4}},{"start":{"line":181,"column":4},"end":{"line":181,"column":4}}]},"5":{"line":185,"type":"if","locations":[{"start":{"line":185,"column":4},"end":{"line":185,"column":4}},{"start":{"line":185,"column":4},"end":{"line":185,"column":4}}]},"6":{"line":203,"type":"if","locations":[{"start":{"line":203,"column":13},"end":{"line":203,"column":13}},{"start":{"line":203,"column":13},"end":{"line":203,"column":13}}]},"7":{"line":204,"type":"if","locations":[{"start":{"line":204,"column":4},"end":{"line":204,"column":4}},{"start":{"line":204,"column":4},"end":{"line":204,"column":4}}]},"8":{"line":219,"type":"if","locations":[{"start":{"line":219,"column":13},"end":{"line":219,"column":13}},{"start":{"line":219,"column":13},"end":{"line":219,"column":13}}]},"9":{"line":220,"type":"if","locations":[{"start":{"line":220,"column":4},"end":{"line":220,"column":4}},{"start":{"line":220,"column":4},"end":{"line":220,"column":4}}]},"10":{"line":221,"type":"if","locations":[{"start":{"line":221,"column":4},"end":{"line":221,"column":4}},{"start":{"line":221,"column":4},"end":{"line":221,"column":4}}]},"11":{"line":237,"type":"if","locations":[{"start":{"line":237,"column":13},"end":{"line":237,"column":13}},{"start":{"line":237,"column":13},"end":{"line":237,"column":13}}]},"12":{"line":238,"type":"if","locations":[{"start":{"line":238,"column":4},"end":{"line":238,"column":4}},{"start":{"line":238,"column":4},"end":{"line":238,"column":4}}]},"13":{"line":239,"type":"if","locations":[{"start":{"line":239,"column":4},"end":{"line":239,"column":4}},{"start":{"line":239,"column":4},"end":{"line":239,"column":4}}]},"14":{"line":253,"type":"if","locations":[{"start":{"line":253,"column":13},"end":{"line":253,"column":13}},{"start":{"line":253,"column":13},"end":{"line":253,"column":13}}]},"15":{"line":264,"type":"if","locations":[{"start":{"line":264,"column":13},"end":{"line":264,"column":13}},{"start":{"line":264,"column":13},"end":{"line":264,"column":13}}]},"16":{"line":275,"type":"if","locations":[{"start":{"line":275,"column":13},"end":{"line":275,"column":13}},{"start":{"line":275,"column":13},"end":{"line":275,"column":13}}]},"17":{"line":286,"type":"if","locations":[{"start":{"line":286,"column":13},"end":{"line":286,"column":13}},{"start":{"line":286,"column":13},"end":{"line":286,"column":13}}]},"18":{"line":297,"type":"if","locations":[{"start":{"line":297,"column":13},"end":{"line":297,"column":13}},{"start":{"line":297,"column":13},"end":{"line":297,"column":13}}]},"19":{"line":307,"type":"if","locations":[{"start":{"line":307,"column":4},"end":{"line":307,"column":4}},{"start":{"line":307,"column":4},"end":{"line":307,"column":4}}]},"20":{"line":308,"type":"if","locations":[{"start":{"line":308,"column":4},"end":{"line":308,"column":4}},{"start":{"line":308,"column":4},"end":{"line":308,"column":4}}]},"21":{"line":310,"type":"if","locations":[{"start":{"line":310,"column":4},"end":{"line":310,"column":4}},{"start":{"line":310,"column":4},"end":{"line":310,"column":4}}]},"22":{"line":311,"type":"if","locations":[{"start":{"line":311,"column":6},"end":{"line":311,"column":6}},{"start":{"line":311,"column":6},"end":{"line":311,"column":6}}]},"23":{"line":312,"type":"if","locations":[{"start":{"line":312,"column":6},"end":{"line":312,"column":6}},{"start":{"line":312,"column":6},"end":{"line":312,"column":6}}]},"24":{"line":313,"type":"if","locations":[{"start":{"line":313,"column":6},"end":{"line":313,"column":6}},{"start":{"line":313,"column":6},"end":{"line":313,"column":6}}]},"25":{"line":317,"type":"if","locations":[{"start":{"line":317,"column":4},"end":{"line":317,"column":4}},{"start":{"line":317,"column":4},"end":{"line":317,"column":4}}]},"26":{"line":330,"type":"if","locations":[{"start":{"line":330,"column":4},"end":{"line":330,"column":4}},{"start":{"line":330,"column":4},"end":{"line":330,"column":4}}]},"27":{"line":345,"type":"if","locations":[{"start":{"line":345,"column":4},"end":{"line":345,"column":4}},{"start":{"line":345,"column":4},"end":{"line":345,"column":4}}]},"28":{"line":346,"type":"if","locations":[{"start":{"line":346,"column":4},"end":{"line":346,"column":4}},{"start":{"line":346,"column":4},"end":{"line":346,"column":4}}]},"29":{"line":347,"type":"if","locations":[{"start":{"line":347,"column":4},"end":{"line":347,"column":4}},{"start":{"line":347,"column":4},"end":{"line":347,"column":4}}]},"30":{"line":348,"type":"if","locations":[{"start":{"line":348,"column":4},"end":{"line":348,"column":4}},{"start":{"line":348,"column":4},"end":{"line":348,"column":4}}]},"31":{"line":349,"type":"if","locations":[{"start":{"line":349,"column":4},"end":{"line":349,"column":4}},{"start":{"line":349,"column":4},"end":{"line":349,"column":4}}]},"32":{"line":352,"type":"if","locations":[{"start":{"line":352,"column":4},"end":{"line":352,"column":4}},{"start":{"line":352,"column":4},"end":{"line":352,"column":4}}]},"33":{"line":369,"type":"if","locations":[{"start":{"line":369,"column":4},"end":{"line":369,"column":4}},{"start":{"line":369,"column":4},"end":{"line":369,"column":4}}]},"34":{"line":370,"type":"if","locations":[{"start":{"line":370,"column":4},"end":{"line":370,"column":4}},{"start":{"line":370,"column":4},"end":{"line":370,"column":4}}]},"35":{"line":372,"type":"if","locations":[{"start":{"line":372,"column":4},"end":{"line":372,"column":4}},{"start":{"line":372,"column":4},"end":{"line":372,"column":4}}]},"36":{"line":373,"type":"if","locations":[{"start":{"line":373,"column":6},"end":{"line":373,"column":6}},{"start":{"line":373,"column":6},"end":{"line":373,"column":6}}]},"37":{"line":374,"type":"if","locations":[{"start":{"line":374,"column":6},"end":{"line":374,"column":6}},{"start":{"line":374,"column":6},"end":{"line":374,"column":6}}]},"38":{"line":375,"type":"if","locations":[{"start":{"line":375,"column":6},"end":{"line":375,"column":6}},{"start":{"line":375,"column":6},"end":{"line":375,"column":6}}]},"39":{"line":377,"type":"if","locations":[{"start":{"line":377,"column":6},"end":{"line":377,"column":6}},{"start":{"line":377,"column":6},"end":{"line":377,"column":6}}]},"40":{"line":385,"type":"if","locations":[{"start":{"line":385,"column":4},"end":{"line":385,"column":4}},{"start":{"line":385,"column":4},"end":{"line":385,"column":4}}]},"41":{"line":386,"type":"if","locations":[{"start":{"line":386,"column":4},"end":{"line":386,"column":4}},{"start":{"line":386,"column":4},"end":{"line":386,"column":4}}]},"42":{"line":388,"type":"if","locations":[{"start":{"line":388,"column":66},"end":{"line":388,"column":85}},{"start":{"line":388,"column":89},"end":{"line":388,"column":95}}]},"43":{"line":395,"type":"if","locations":[{"start":{"line":395,"column":4},"end":{"line":395,"column":4}},{"start":{"line":395,"column":4},"end":{"line":395,"column":4}}]},"44":{"line":399,"type":"if","locations":[{"start":{"line":399,"column":4},"end":{"line":399,"column":4}},{"start":{"line":399,"column":4},"end":{"line":399,"column":4}}]},"45":{"line":414,"type":"if","locations":[{"start":{"line":414,"column":4},"end":{"line":414,"column":4}},{"start":{"line":414,"column":4},"end":{"line":414,"column":4}}]},"46":{"line":442,"type":"if","locations":[{"start":{"line":442,"column":4},"end":{"line":442,"column":4}},{"start":{"line":442,"column":4},"end":{"line":442,"column":4}}]},"47":{"line":448,"type":"if","locations":[{"start":{"line":448,"column":4},"end":{"line":448,"column":4}},{"start":{"line":448,"column":4},"end":{"line":448,"column":4}}]},"48":{"line":453,"type":"if","locations":[{"start":{"line":453,"column":12},"end":{"line":453,"column":26}},{"start":{"line":454,"column":12},"end":{"line":454,"column":33}}]},"49":{"line":456,"type":"if","locations":[{"start":{"line":456,"column":6},"end":{"line":456,"column":6}},{"start":{"line":456,"column":6},"end":{"line":456,"column":6}}]},"50":{"line":472,"type":"if","locations":[{"start":{"line":472,"column":4},"end":{"line":472,"column":4}},{"start":{"line":472,"column":4},"end":{"line":472,"column":4}}]},"51":{"line":485,"type":"if","locations":[{"start":{"line":485,"column":61},"end":{"line":485,"column":75}},{"start":{"line":485,"column":79},"end":{"line":485,"column":85}}]},"52":{"line":497,"type":"if","locations":[{"start":{"line":497,"column":4},"end":{"line":497,"column":4}},{"start":{"line":497,"column":4},"end":{"line":497,"column":4}}]},"53":{"line":509,"type":"if","locations":[{"start":{"line":509,"column":4},"end":{"line":509,"column":4}},{"start":{"line":509,"column":4},"end":{"line":509,"column":4}}]},"54":{"line":520,"type":"if","locations":[{"start":{"line":520,"column":4},"end":{"line":520,"column":4}},{"start":{"line":520,"column":4},"end":{"line":520,"column":4}}]},"55":{"line":521,"type":"if","locations":[{"start":{"line":521,"column":4},"end":{"line":521,"column":4}},{"start":{"line":521,"column":4},"end":{"line":521,"column":4}}]},"56":{"line":534,"type":"if","locations":[{"start":{"line":534,"column":4},"end":{"line":534,"column":4}},{"start":{"line":534,"column":4},"end":{"line":534,"column":4}}]},"57":{"line":535,"type":"if","locations":[{"start":{"line":535,"column":4},"end":{"line":535,"column":4}},{"start":{"line":535,"column":4},"end":{"line":535,"column":4}}]},"58":{"line":557,"type":"if","locations":[{"start":{"line":557,"column":4},"end":{"line":557,"column":4}},{"start":{"line":557,"column":4},"end":{"line":557,"column":4}}]},"59":{"line":558,"type":"if","locations":[{"start":{"line":558,"column":6},"end":{"line":558,"column":6}},{"start":{"line":558,"column":6},"end":{"line":558,"column":6}}]},"60":{"line":582,"type":"if","locations":[{"start":{"line":582,"column":4},"end":{"line":582,"column":4}},{"start":{"line":582,"column":4},"end":{"line":582,"column":4}}]},"61":{"line":583,"type":"if","locations":[{"start":{"line":583,"column":6},"end":{"line":583,"column":6}},{"start":{"line":583,"column":6},"end":{"line":583,"column":6}}]},"62":{"line":602,"type":"if","locations":[{"start":{"line":602,"column":4},"end":{"line":602,"column":4}},{"start":{"line":602,"column":4},"end":{"line":602,"column":4}}]},"63":{"line":608,"type":"if","locations":[{"start":{"line":608,"column":4},"end":{"line":608,"column":4}},{"start":{"line":608,"column":4},"end":{"line":608,"column":4}}]},"64":{"line":631,"type":"if","locations":[{"start":{"line":631,"column":4},"end":{"line":631,"column":4}},{"start":{"line":631,"column":4},"end":{"line":631,"column":4}}]},"65":{"line":632,"type":"cond-expr","locations":[{"start":{"line":632,"column":6},"end":{"line":632,"column":28}},{"start":{"line":633,"column":6},"end":{"line":633,"column":21}}]},"66":{"line":632,"type":"cond-expr","locations":[{"start":{"line":632,"column":6},"end":{"line":633,"column":21}},{"start":{"line":634,"column":6},"end":{"line":634,"column":45}}]},"67":{"line":676,"type":"if","locations":[{"start":{"line":676,"column":4},"end":{"line":676,"column":4}},{"start":{"line":676,"column":4},"end":{"line":676,"column":4}}]},"68":{"line":686,"type":"if","locations":[{"start":{"line":686,"column":4},"end":{"line":686,"column":4}},{"start":{"line":686,"column":4},"end":{"line":686,"column":4}}]},"69":{"line":692,"type":"if","locations":[{"start":{"line":692,"column":4},"end":{"line":692,"column":4}},{"start":{"line":692,"column":4},"end":{"line":692,"column":4}}]},"70":{"line":723,"type":"if","locations":[{"start":{"line":723,"column":4},"end":{"line":723,"column":4}},{"start":{"line":723,"column":4},"end":{"line":723,"column":4}}]},"71":{"line":724,"type":"if","locations":[{"start":{"line":724,"column":4},"end":{"line":724,"column":4}},{"start":{"line":724,"column":4},"end":{"line":724,"column":4}}]},"72":{"line":742,"type":"if","locations":[{"start":{"line":742,"column":4},"end":{"line":742,"column":4}},{"start":{"line":742,"column":4},"end":{"line":742,"column":4}}]},"73":{"line":772,"type":"if","locations":[{"start":{"line":772,"column":4},"end":{"line":772,"column":4}},{"start":{"line":772,"column":4},"end":{"line":772,"column":4}}]}}}}