TN:
SF:/Users/admin/tt/staking_contract_wncg_eth/contracts/interfaces/IBalancerGauge.sol
FNF:0
FNH:0
LF:0
LH:0
BRF:0
BRH:0
end_of_record
TN:
SF:/Users/admin/tt/staking_contract_wncg_eth/contracts/interfaces/IBalancerMinter.sol
FNF:0
FNH:0
LF:0
LH:0
BRF:0
BRH:0
end_of_record
TN:
SF:/Users/admin/tt/staking_contract_wncg_eth/contracts/interfaces/interfaces.sol
FNF:0
FNH:0
LF:0
LH:0
BRF:0
BRH:0
end_of_record
TN:
SF:/Users/admin/tt/staking_contract_wncg_eth/contracts/staking/BALRewardPool.sol
FN:53,constructor
FN:63,totalSupply
FN:67,balanceOf
FN:71,getRewardRate
FN:75,updateReward
FN:85,lastTimeRewardApplicable
FN:89,rewardPerToken
FN:103,earned
FN:111,stakeFor
FN:127,_processStake
FN:134,withdrawFor
FN:151,getReward
FN:166,processIdleRewards
FN:179,queueNewRewards
FN:206,notifyRewardAmount
FNF:15
FNH:15
FNDA:102,constructor
FNDA:67,totalSupply
FNDA:37,balanceOf
FNDA:4,getRewardRate
FNDA:18,updateReward
FNDA:38,lastTimeRewardApplicable
FNDA:45,rewardPerToken
FNDA:26,earned
FNDA:7,stakeFor
FNDA:6,_processStake
FNDA:5,withdrawFor
FNDA:4,getReward
FNDA:2,processIdleRewards
FNDA:5,queueNewRewards
FNDA:3,notifyRewardAmount
DA:58,102
DA:59,102
DA:60,102
DA:64,67
DA:68,37
DA:72,4
DA:76,18
DA:77,18
DA:78,18
DA:79,15
DA:80,15
DA:82,18
DA:86,38
DA:90,45
DA:91,26
DA:93,19
DA:104,26
DA:112,7
DA:113,6
DA:115,6
DA:116,6
DA:118,6
DA:128,6
DA:130,6
DA:131,6
DA:135,5
DA:136,4
DA:138,3
DA:139,3
DA:141,3
DA:142,3
DA:144,3
DA:152,4
DA:153,4
DA:154,0
DA:155,0
DA:156,0
DA:159,4
DA:167,2
DA:168,0
DA:169,0
DA:180,5
DA:182,4
DA:184,4
DA:185,2
DA:186,2
DA:187,2
DA:191,2
DA:192,2
DA:193,2
DA:195,2
DA:196,1
DA:197,1
DA:199,1
DA:201,2
DA:208,3
DA:209,3
DA:210,2
DA:212,1
DA:213,1
DA:214,1
DA:215,1
DA:217,3
DA:218,3
DA:219,3
DA:220,3
LF:66
LH:61
BRDA:78,1,0,15
BRDA:78,1,1,3
BRDA:86,2,0,3
BRDA:86,2,1,35
BRDA:90,3,0,26
BRDA:90,3,1,19
BRDA:112,4,0,6
BRDA:112,4,1,1
BRDA:127,5,0,6
BRDA:127,5,1,0
BRDA:127,6,0,6
BRDA:127,6,1,0
BRDA:128,7,0,6
BRDA:128,7,1,0
BRDA:134,8,0,5
BRDA:134,8,1,0
BRDA:134,9,0,5
BRDA:134,9,1,0
BRDA:135,10,0,4
BRDA:135,10,1,1
BRDA:136,11,0,3
BRDA:136,11,1,1
BRDA:151,12,0,4
BRDA:151,12,1,0
BRDA:153,13,0,0
BRDA:153,13,1,4
BRDA:167,14,0,0
BRDA:167,14,1,2
BRDA:180,15,0,4
BRDA:180,15,1,1
BRDA:184,16,0,2
BRDA:184,16,1,2
BRDA:195,17,0,1
BRDA:195,17,1,1
BRDA:206,18,0,3
BRDA:206,18,1,0
BRDA:209,19,0,2
BRDA:209,19,1,1
BRF:38
BRH:29
end_of_record
TN:
SF:/Users/admin/tt/staking_contract_wncg_eth/contracts/staking/DepositToken.sol
FN:12,constructor
FN:16,mint
FN:21,burn
FNF:3
FNH:3
FNDA:147,constructor
FNDA:8,mint
FNDA:4,burn
DA:13,147
DA:17,8
DA:18,7
DA:22,4
DA:23,3
LF:5
LH:5
BRDA:17,1,0,7
BRDA:17,1,1,1
BRDA:22,2,0,3
BRDA:22,2,1,1
BRF:4
BRH:4
end_of_record
TN:
SF:/Users/admin/tt/staking_contract_wncg_eth/contracts/staking/StakingRewards.sol
FN:141,initialize
FN:161,onlyOperator
FN:176,configBalRewardPool
FN:203,configEmissionPerSecond
FN:219,configCooldownSecondAndUnstakeWindow
FN:237,configFees
FN:253,changeOperator
FN:264,changeRewardsVault
FN:275,changeBalOperationVault
FN:286,changePauseStaking
FN:297,changeUseBalRewardPool
FN:306,stake
FN:344,transferStakedBalanceToBalRewardPool
FN:368,withdraw
FN:435,getNextCooldownTimestamp
FN:471,cooldown
FN:483,claimTokenRewards
FN:496,claimBALRewards
FN:507,claimAllRewards
FN:519,stakeToBalRewardPool
FN:533,withdrawFromBalRewardPool
FN:549,updateCurrentUnclaimedRewards
FN:573,updateUserAssetInternal
FN:598,updateAssetStateInternal
FN:625,getAssetIndex
FN:650,getRewards
FN:663,getUnclaimedRewards
FN:675,earmarkRewards
FN:685,_earmarkRewards
FN:722,processIdleRewards
FN:734,earnedTokenRewards
FN:741,earnedBALRewards
FN:750,totalStaked
FN:757,stakedTokenBalance
FN:764,getEmissionPerSec
FN:771,getBALRewardRate
FN:780,getCurrentBlockTimestamp
FN:787,getCooldownEndTimestamp
FN:794,getWithdrawEndTimestamp
FN:801,useBalRewardPool
FN:808,transferableBalanceToBalRewardPool
FNF:41
FNH:41
FNDA:21,initialize
FNDA:61,onlyOperator
FNDA:21,configBalRewardPool
FNDA:5,configEmissionPerSecond
FNDA:6,configCooldownSecondAndUnstakeWindow
FNDA:3,configFees
FNDA:2,changeOperator
FNDA:1,changeRewardsVault
FNDA:1,changeBalOperationVault
FNDA:2,changePauseStaking
FNDA:6,changeUseBalRewardPool
FNDA:9,stake
FNDA:6,transferStakedBalanceToBalRewardPool
FNDA:13,withdraw
FNDA:5,getNextCooldownTimestamp
FNDA:3,cooldown
FNDA:5,claimTokenRewards
FNDA:4,claimBALRewards
FNDA:3,claimAllRewards
FNDA:4,stakeToBalRewardPool
FNDA:2,withdrawFromBalRewardPool
FNDA:7,updateCurrentUnclaimedRewards
FNDA:11,updateUserAssetInternal
FNDA:11,updateAssetStateInternal
FNDA:11,getAssetIndex
FNDA:5,getRewards
FNDA:1,getUnclaimedRewards
FNDA:4,earmarkRewards
FNDA:3,_earmarkRewards
FNDA:3,processIdleRewards
FNDA:1,earnedTokenRewards
FNDA:1,earnedBALRewards
FNDA:3,totalStaked
FNDA:4,stakedTokenBalance
FNDA:2,getEmissionPerSec
FNDA:2,getBALRewardRate
FNDA:1,getCurrentBlockTimestamp
FNDA:1,getCooldownEndTimestamp
FNDA:1,getWithdrawEndTimestamp
FNDA:38,useBalRewardPool
FNDA:6,transferableBalanceToBalRewardPool
DA:142,21
DA:143,21
DA:144,21
DA:145,21
DA:146,21
DA:147,21
DA:148,21
DA:150,21
DA:151,21
DA:152,21
DA:153,21
DA:155,21
DA:156,21
DA:157,21
DA:162,61
DA:163,47
DA:177,21
DA:178,21
DA:179,21
DA:181,21
DA:182,14
DA:185,21
DA:187,10
DA:190,21
DA:204,5
DA:206,5
DA:208,5
DA:220,6
DA:221,5
DA:223,4
DA:224,4
DA:226,4
DA:238,3
DA:239,2
DA:241,1
DA:242,1
DA:244,1
DA:254,2
DA:255,2
DA:265,1
DA:266,1
DA:276,1
DA:277,1
DA:287,2
DA:288,2
DA:298,6
DA:299,6
DA:307,9
DA:308,8
DA:310,7
DA:311,6
DA:312,5
DA:313,4
DA:316,4
DA:317,4
DA:318,1
DA:319,1
DA:322,4
DA:323,4
DA:324,4
DA:327,4
DA:328,4
DA:330,4
DA:332,3
DA:333,3
DA:336,3
DA:337,3
DA:345,6
DA:346,5
DA:347,4
DA:348,3
DA:349,2
DA:351,1
DA:352,1
DA:355,1
DA:358,1
DA:360,1
DA:369,13
DA:370,12
DA:372,10
DA:373,10
DA:374,9
DA:375,8
DA:377,5
DA:378,0
DA:382,5
DA:383,5
DA:385,5
DA:386,4
DA:388,2
DA:390,2
DA:392,2
DA:393,2
DA:395,2
DA:396,1
DA:399,2
DA:401,2
DA:402,2
DA:405,2
DA:406,2
DA:410,2
DA:411,2
DA:414,2
DA:415,1
DA:418,1
DA:441,5
DA:442,5
DA:443,5
DA:446,0
DA:448,0
DA:449,0
DA:451,0
DA:456,0
DA:457,0
DA:459,0
DA:464,0
DA:472,3
DA:474,2
DA:476,2
DA:484,5
DA:485,5
DA:487,5
DA:488,4
DA:490,2
DA:497,4
DA:499,3
DA:500,3
DA:501,3
DA:508,3
DA:509,2
DA:510,1
DA:512,2
DA:520,4
DA:521,4
DA:524,4
DA:525,4
DA:526,4
DA:534,2
DA:535,2
DA:538,2
DA:539,2
DA:554,7
DA:555,7
DA:557,7
DA:558,3
DA:559,2
DA:561,3
DA:564,7
DA:577,11
DA:578,11
DA:580,11
DA:582,11
DA:583,4
DA:584,4
DA:587,4
DA:588,4
DA:591,11
DA:599,11
DA:600,11
DA:602,11
DA:603,1
DA:606,10
DA:608,10
DA:609,4
DA:610,4
DA:613,10
DA:615,10
DA:630,11
DA:631,11
DA:636,7
DA:639,4
DA:640,4
DA:655,5
DA:666,1
DA:667,1
DA:668,1
DA:669,1
DA:676,4
DA:677,3
DA:678,2
DA:686,3
DA:688,2
DA:690,2
DA:692,2
DA:694,0
DA:697,0
DA:698,0
DA:701,0
DA:704,0
DA:707,0
DA:710,0
DA:713,0
DA:716,2
DA:723,3
DA:724,2
DA:726,1
DA:735,1
DA:742,1
DA:744,1
DA:751,3
DA:758,4
DA:765,2
DA:772,2
DA:774,1
DA:781,1
DA:788,1
DA:795,1
DA:802,38
DA:809,6
LF:209
LH:192
BRDA:141,1,0,21
BRDA:141,1,1,0
BRDA:162,2,0,47
BRDA:162,2,1,14
BRDA:176,3,0,21
BRDA:176,3,1,1
BRDA:181,4,0,14
BRDA:181,4,1,7
BRDA:185,5,0,10
BRDA:185,5,1,11
BRDA:203,6,0,5
BRDA:203,6,1,2
BRDA:204,7,0,5
BRDA:204,7,1,0
BRDA:219,8,0,6
BRDA:219,8,1,1
BRDA:220,9,0,5
BRDA:220,9,1,1
BRDA:221,10,0,4
BRDA:221,10,1,1
BRDA:237,11,0,3
BRDA:237,11,1,1
BRDA:238,12,0,2
BRDA:238,12,1,1
BRDA:239,13,0,1
BRDA:239,13,1,1
BRDA:253,14,0,2
BRDA:253,14,1,3
BRDA:264,15,0,1
BRDA:264,15,1,2
BRDA:275,16,0,1
BRDA:275,16,1,2
BRDA:286,17,0,2
BRDA:286,17,1,1
BRDA:297,18,0,6
BRDA:297,18,1,1
BRDA:307,19,0,8
BRDA:307,19,1,1
BRDA:308,20,0,7
BRDA:308,20,1,1
BRDA:310,21,0,6
BRDA:310,21,1,1
BRDA:311,22,0,5
BRDA:311,22,1,1
BRDA:312,23,0,4
BRDA:312,23,1,1
BRDA:313,24,0,3
BRDA:313,24,1,1
BRDA:317,25,0,1
BRDA:317,25,1,3
BRDA:330,26,0,3
BRDA:330,26,1,1
BRDA:345,27,0,5
BRDA:345,27,1,1
BRDA:346,28,0,4
BRDA:346,28,1,1
BRDA:347,29,0,3
BRDA:347,29,1,1
BRDA:348,30,0,2
BRDA:348,30,1,1
BRDA:349,31,0,1
BRDA:349,31,1,1
BRDA:352,32,0,1
BRDA:352,32,1,0
BRDA:369,33,0,12
BRDA:369,33,1,1
BRDA:370,34,0,10
BRDA:370,34,1,2
BRDA:372,35,0,10
BRDA:372,35,1,0
BRDA:373,36,0,9
BRDA:373,36,1,1
BRDA:374,37,0,8
BRDA:374,37,1,1
BRDA:375,38,0,5
BRDA:375,38,1,3
BRDA:377,39,0,0
BRDA:377,39,1,5
BRDA:385,40,0,4
BRDA:385,40,1,1
BRDA:386,41,0,2
BRDA:386,41,1,2
BRDA:388,42,0,0
BRDA:388,42,1,2
BRDA:395,43,0,1
BRDA:395,43,1,1
BRDA:399,44,0,2
BRDA:399,44,1,0
BRDA:414,45,0,1
BRDA:414,45,1,1
BRDA:442,46,0,5
BRDA:442,46,1,0
BRDA:448,47,0,0
BRDA:448,47,1,0
BRDA:453,48,0,0
BRDA:453,48,1,0
BRDA:456,49,0,0
BRDA:456,49,1,0
BRDA:472,50,0,2
BRDA:472,50,1,1
BRDA:485,51,0,3
BRDA:485,51,1,2
BRDA:497,52,0,3
BRDA:497,52,1,1
BRDA:509,53,0,1
BRDA:509,53,1,1
BRDA:520,54,0,4
BRDA:520,54,1,0
BRDA:521,55,0,4
BRDA:521,55,1,0
BRDA:534,56,0,2
BRDA:534,56,1,0
BRDA:535,57,0,2
BRDA:535,57,1,0
BRDA:557,58,0,3
BRDA:557,58,1,4
BRDA:558,59,0,2
BRDA:558,59,1,1
BRDA:582,60,0,4
BRDA:582,60,1,7
BRDA:583,61,0,4
BRDA:583,61,1,0
BRDA:602,62,0,1
BRDA:602,62,1,10
BRDA:608,63,0,4
BRDA:608,63,1,6
BRDA:631,64,0,7
BRDA:631,64,1,4
BRDA:632,65,0,3
BRDA:632,65,1,4
BRDA:632,66,0,4
BRDA:632,66,1,0
BRDA:676,67,0,3
BRDA:676,67,1,1
BRDA:686,68,0,2
BRDA:686,68,1,1
BRDA:692,69,0,0
BRDA:692,69,1,2
BRDA:723,70,0,2
BRDA:723,70,1,1
BRDA:724,71,0,1
BRDA:724,71,1,1
BRDA:742,72,0,1
BRDA:742,72,1,0
BRDA:772,73,0,1
BRDA:772,73,1,1
BRF:146
BRH:124
end_of_record
